::1 - - [17/Jun/2022:12:30:05 +0000] "GET /api/meetups/3624 HTTP/1.1" 400 30 "-" "PostmanRuntime/7.29.0"
::1 - - [17/Jun/2022:12:35:00 +0000] "GET /api/meetups/3624 HTTP/1.1" 400 30 "-" "PostmanRuntime/7.29.0"
::1 - - [17/Jun/2022:12:42:34 +0000] "GET /api/meetups/3624 HTTP/1.1" 404 155 "-" "PostmanRuntime/7.29.0"
::1 - - [17/Jun/2022:12:43:08 +0000] "GET /api/meetups/3624 HTTP/1.1" 400 30 "-" "PostmanRuntime/7.29.0"
::1 - - [17/Jun/2022:12:44:39 +0000] "GET /api/meetups/3624 HTTP/1.1" 400 30 "-" "PostmanRuntime/7.29.0"
::1 - - [17/Jun/2022:12:49:33 +0000] "GET /api/meetups/3624 HTTP/1.1" 400 30 "-" "PostmanRuntime/7.29.0"
::1 - - [17/Jun/2022:13:39:20 +0000] "GET /api/meetups/3624 HTTP/1.1" 400 30 "-" "PostmanRuntime/7.29.0"
::1 - - [17/Jun/2022:13:40:29 +0000] "GET /api/meetups/3624 HTTP/1.1" 400 30 "-" "PostmanRuntime/7.29.0"
::1 - - [17/Jun/2022:13:41:02 +0000] "GET /api/meetups/3624 HTTP/1.1" 400 30 "-" "PostmanRuntime/7.29.0"
::1 - - [18/Jun/2022:11:09:22 +0000] "GET /api/meetups/3624 HTTP/1.1" 400 30 "-" "PostmanRuntime/7.29.0"
::1 - - [18/Jun/2022:11:10:19 +0000] "GET /api/meetups/3624 HTTP/1.1" 400 30 "-" "PostmanRuntime/7.29.0"
::1 - - [18/Jun/2022:11:11:32 +0000] "GET /api/meetups/3 HTTP/1.1" 400 30 "-" "PostmanRuntime/7.29.0"
::1 - - [18/Jun/2022:11:11:35 +0000] "GET /api/meetups/1 HTTP/1.1" 400 30 "-" "PostmanRuntime/7.29.0"
::1 - - [18/Jun/2022:11:11:38 +0000] "GET /api/meetups/12 HTTP/1.1" 200 192 "-" "PostmanRuntime/7.29.0"
::1 - - [18/Jun/2022:12:34:54 +0000] "GET /api/meetups/1222 HTTP/1.1" 200 65 "-" "PostmanRuntime/7.29.0"
::1 - - [18/Jun/2022:12:36:06 +0000] "GET /api/meetups/1222 HTTP/1.1" 200 64 "-" "PostmanRuntime/7.29.0"
::1 - - [19/Jun/2022:14:26:53 +0000] "GET /api/meetups?page=1 HTTP/1.1" 200 1076 "-" "PostmanRuntime/7.29.0"
::1 - - [19/Jun/2022:14:27:23 +0000] "PATCH /api/meetups/5 HTTP/1.1" 401 39 "-" "PostmanRuntime/7.29.0"
::1 - - [19/Jun/2022:14:27:33 +0000] "POST /api/users/registration HTTP/1.1" 403 29 "-" "PostmanRuntime/7.29.0"
::1 - - [19/Jun/2022:14:27:36 +0000] "POST /api/users/registration HTTP/1.1" 200 217 "-" "PostmanRuntime/7.29.0"
::1 - - [19/Jun/2022:14:27:49 +0000] "PATCH /api/meetups/5 HTTP/1.1" 200 220 "-" "PostmanRuntime/7.29.0"
::1 - - [19/Jun/2022:14:27:53 +0000] "GET /api/meetups?page=1 HTTP/1.1" 200 1061 "-" "PostmanRuntime/7.29.0"
::1 - - [19/Jun/2022:14:27:57 +0000] "GET /api/meetups?page=1&sort=1 HTTP/1.1" 200 1061 "-" "PostmanRuntime/7.29.0"
::1 - - [19/Jun/2022:14:28:04 +0000] "GET /api/meetups?page=1&sort=1 HTTP/1.1" 200 1061 "-" "PostmanRuntime/7.29.0"
::1 - - [19/Jun/2022:14:28:35 +0000] "GET /api/meetups?page=1&sort=1 HTTP/1.1" 200 1104 "-" "PostmanRuntime/7.29.0"
::1 - - [19/Jun/2022:14:30:09 +0000] "GET /api/meetups/1 HTTP/1.1" 200 62 "-" "PostmanRuntime/7.29.0"
::1 - - [19/Jun/2022:14:30:53 +0000] "GET /api/meetups/2 HTTP/1.1" 200 62 "-" "PostmanRuntime/7.29.0"
::1 - - [19/Jun/2022:14:36:55 +0000] "GET /api/meetups/1 HTTP/1.1" 200 62 "-" "PostmanRuntime/7.29.0"
::1 - - [19/Jun/2022:14:37:29 +0000] "GET /api/meetups/1 HTTP/1.1" 200 62 "-" "PostmanRuntime/7.29.0"
::1 - - [19/Jun/2022:14:40:43 +0000] "GET /api/meetups/1 HTTP/1.1" - - "-" "PostmanRuntime/7.29.0"
::1 - - [19/Jun/2022:14:41:49 +0000] "GET /api/meetups/1 HTTP/1.1" - - "-" "PostmanRuntime/7.29.0"
::1 - - [19/Jun/2022:14:42:55 +0000] "GET /api/meetups/1 HTTP/1.1" - - "-" "PostmanRuntime/7.29.0"
::1 - - [19/Jun/2022:14:44:19 +0000] "GET /api/meetups/1 HTTP/1.1" 404 30 "-" "PostmanRuntime/7.29.0"
::1 - - [19/Jun/2022:14:46:34 +0000] "GET /api/meetups/1 HTTP/1.1" - - "-" "PostmanRuntime/7.29.0"
::1 - - [19/Jun/2022:14:48:34 +0000] "GET /api/meetups/1 HTTP/1.1" 404 30 "-" "PostmanRuntime/7.29.0"
::1 - - [19/Jun/2022:14:52:06 +0000] "GET /api/meetups/1 HTTP/1.1" 404 30 "-" "PostmanRuntime/7.29.0"
::1 - - [19/Jun/2022:14:52:11 +0000] "GET /api/meetups/asdas HTTP/1.1" 400 89 "-" "PostmanRuntime/7.29.0"
::1 - - [19/Jun/2022:14:56:45 +0000] "GET /api/meetups?page=1&sort=1 HTTP/1.1" 200 1104 "-" "PostmanRuntime/7.29.0"
::1 - - [19/Jun/2022:14:56:49 +0000] "GET /api/meetups?sort=1&page=qweqw HTTP/1.1" 400 62 "-" "PostmanRuntime/7.29.0"
::1 - - [19/Jun/2022:14:57:03 +0000] "GET /api/meetups?sort=1&page=88w HTTP/1.1" 400 62 "-" "PostmanRuntime/7.29.0"
::1 - - [19/Jun/2022:14:57:07 +0000] "GET /api/meetups?sort=1&page=88 HTTP/1.1" 200 2 "-" "PostmanRuntime/7.29.0"
::1 - - [19/Jun/2022:14:57:11 +0000] "GET /api/meetups?sort=1&page=1 HTTP/1.1" 200 1104 "-" "PostmanRuntime/7.29.0"
::1 - - [19/Jun/2022:14:59:41 +0000] "POST /api/meetups HTTP/1.1" 201 183 "-" "PostmanRuntime/7.29.0"
::1 - - [19/Jun/2022:14:59:48 +0000] "POST /api/meetups HTTP/1.1" 400 40 "-" "PostmanRuntime/7.29.0"
::1 - - [19/Jun/2022:15:04:31 +0000] "POST /api/meetups HTTP/1.1" 201 183 "-" "PostmanRuntime/7.29.0"
::1 - - [19/Jun/2022:15:04:55 +0000] "PATCH /api/meetups/35 HTTP/1.1" 400 46 "-" "PostmanRuntime/7.29.0"
::1 - - [19/Jun/2022:15:07:08 +0000] "PATCH /api/meetups/35 HTTP/1.1" 400 46 "-" "PostmanRuntime/7.29.0"
::1 - - [19/Jun/2022:15:07:18 +0000] "PATCH /api/meetups/35 HTTP/1.1" 400 46 "-" "PostmanRuntime/7.29.0"
::1 - - [19/Jun/2022:15:07:30 +0000] "PATCH /api/meetups/35213123 HTTP/1.1" 400 63 "-" "PostmanRuntime/7.29.0"
::1 - - [19/Jun/2022:15:10:16 +0000] "PATCH /api/meetups/35213123 HTTP/1.1" 400 63 "-" "PostmanRuntime/7.29.0"
::1 - - [19/Jun/2022:15:10:58 +0000] "PATCH /api/meetups/35213123 HTTP/1.1" 400 35 "-" "PostmanRuntime/7.29.0"
::1 - - [19/Jun/2022:15:12:34 +0000] "PATCH /api/meetups/35213123 HTTP/1.1" 400 30 "-" "PostmanRuntime/7.29.0"
::1 - - [19/Jun/2022:15:13:11 +0000] "PATCH /api/meetup/asdasdasd HTTP/1.1" 404 161 "-" "PostmanRuntime/7.29.0"
::1 - - [19/Jun/2022:15:13:26 +0000] "PATCH /api/meetup/2 HTTP/1.1" 404 153 "-" "PostmanRuntime/7.29.0"
::1 - - [19/Jun/2022:15:13:32 +0000] "PATCH /api/meetup/2 HTTP/1.1" 404 153 "-" "PostmanRuntime/7.29.0"
::1 - - [19/Jun/2022:15:13:39 +0000] "PATCH /api/meetup/123 HTTP/1.1" 404 155 "-" "PostmanRuntime/7.29.0"
::1 - - [19/Jun/2022:15:13:56 +0000] "PATCH /api/meetups/213123 HTTP/1.1" 400 30 "-" "PostmanRuntime/7.29.0"
::1 - - [19/Jun/2022:15:13:59 +0000] "PATCH /api/meetups/asdasd HTTP/1.1" 400 90 "-" "PostmanRuntime/7.29.0"
::1 - - [19/Jun/2022:15:14:06 +0000] "PATCH /api/meetups/12 HTTP/1.1" 200 196 "-" "PostmanRuntime/7.29.0"
::1 - - [19/Jun/2022:15:14:11 +0000] "PATCH /api/meetups/1221312312 HTTP/1.1" 400 30 "-" "PostmanRuntime/7.29.0"
::1 - - [19/Jun/2022:15:14:37 +0000] "PATCH /api/meetups/1221312312 HTTP/1.1" 400 46 "-" "PostmanRuntime/7.29.0"
::1 - - [19/Jun/2022:15:14:41 +0000] "PATCH /api/meetups/1221312312 HTTP/1.1" 400 30 "-" "PostmanRuntime/7.29.0"
::1 - - [19/Jun/2022:15:15:23 +0000] "POST /api/meetups HTTP/1.1" 201 185 "-" "PostmanRuntime/7.29.0"
::1 - - [19/Jun/2022:15:15:41 +0000] "GET /api/meetups/123 HTTP/1.1" 400 30 "-" "PostmanRuntime/7.29.0"
::1 - - [19/Jun/2022:15:17:24 +0000] "GET /api/meetups/123 HTTP/1.1" 400 30 "-" "PostmanRuntime/7.29.0"
::1 - - [19/Jun/2022:15:19:05 +0000] "GET /api/meetups/123 HTTP/1.1" 400 43 "-" "PostmanRuntime/7.29.0"
::1 - - [19/Jun/2022:15:19:13 +0000] "GET /api/meetups/asdasd HTTP/1.1" 400 90 "-" "PostmanRuntime/7.29.0"
::1 - - [19/Jun/2022:15:19:17 +0000] "GET /api/meetups/12 HTTP/1.1" 200 196 "-" "PostmanRuntime/7.29.0"
::1 - - [19/Jun/2022:15:19:19 +0000] "GET /api/meetups/123 HTTP/1.1" 400 43 "-" "PostmanRuntime/7.29.0"
::1 - - [19/Jun/2022:15:19:49 +0000] "PATCH /api/meetups/1221312312 HTTP/1.1" 400 43 "-" "PostmanRuntime/7.29.0"
::1 - - [19/Jun/2022:15:19:54 +0000] "PATCH /api/meetups/12 HTTP/1.1" 200 191 "-" "PostmanRuntime/7.29.0"
::1 - - [19/Jun/2022:15:19:59 +0000] "PATCH /api/meetups/12 HTTP/1.1" 400 46 "-" "PostmanRuntime/7.29.0"
::1 - - [19/Jun/2022:15:20:04 +0000] "PATCH /api/meetups/12 HTTP/1.1" 200 188 "-" "PostmanRuntime/7.29.0"
::1 - - [19/Jun/2022:15:21:08 +0000] "DELETE /api/meetups/1222 HTTP/1.1" 400 14 "-" "PostmanRuntime/7.29.0"
::1 - - [19/Jun/2022:15:21:37 +0000] "DELETE /api/meetups/1222 HTTP/1.1" 400 43 "-" "PostmanRuntime/7.29.0"
::1 - - [19/Jun/2022:15:21:42 +0000] "DELETE /api/meetups/12 HTTP/1.1" 200 11 "-" "PostmanRuntime/7.29.0"
::1 - - [19/Jun/2022:15:21:46 +0000] "DELETE /api/meetups/12 HTTP/1.1" 400 43 "-" "PostmanRuntime/7.29.0"
::1 - - [19/Jun/2022:15:23:04 +0000] "DELETE /api/meetups/13 HTTP/1.1" 200 1 "-" "PostmanRuntime/7.29.0"
::1 - - [19/Jun/2022:15:23:32 +0000] "DELETE /api/meetups/13 HTTP/1.1" 400 43 "-" "PostmanRuntime/7.29.0"
::1 - - [19/Jun/2022:15:23:35 +0000] "DELETE /api/meetups/14 HTTP/1.1" 200 11 "-" "PostmanRuntime/7.29.0"
::1 - - [19/Jun/2022:15:23:44 +0000] "DELETE /api/meetups/%D1%8B%D1%84%D1%8B%D0%B2%D1%84%D0%B2%D1%8B HTTP/1.1" 400 98 "-" "PostmanRuntime/7.29.0"
::1 - - [19/Jun/2022:15:23:48 +0000] "DELETE /api/meetups/2314124 HTTP/1.1" 400 43 "-" "PostmanRuntime/7.29.0"
::1 - - [19/Jun/2022:15:23:53 +0000] "DELETE /api/meetups/123 HTTP/1.1" 400 43 "-" "PostmanRuntime/7.29.0"
::1 - - [19/Jun/2022:15:30:35 +0000] "POST /api/users/registration HTTP/1.1" 404 29 "-" "PostmanRuntime/7.29.0"
::1 - - [19/Jun/2022:15:31:32 +0000] "POST /api/users/registration HTTP/1.1" 200 73 "-" "PostmanRuntime/7.29.0"
::1 - - [19/Jun/2022:15:32:49 +0000] "POST /api/users/registration HTTP/1.1" 200 73 "-" "PostmanRuntime/7.29.0"
::1 - - [19/Jun/2022:15:32:56 +0000] "POST /api/users/registration HTTP/1.1" 200 73 "-" "PostmanRuntime/7.29.0"
::1 - - [19/Jun/2022:15:34:32 +0000] "POST /api/users/registration HTTP/1.1" 400 29 "-" "PostmanRuntime/7.29.0"
::1 - - [19/Jun/2022:15:35:16 +0000] "POST /api/users/registration HTTP/1.1" 404 29 "-" "PostmanRuntime/7.29.0"
::1 - - [19/Jun/2022:16:05:04 +0000] "GET /api/meetups/123 HTTP/1.1" 404 43 "-" "PostmanRuntime/7.29.0"
::1 - - [19/Jun/2022:16:05:10 +0000] "GET /api/meetups/12 HTTP/1.1" 404 43 "-" "PostmanRuntime/7.29.0"
::1 - - [19/Jun/2022:16:05:14 +0000] "GET /api/meetups/15 HTTP/1.1" 200 199 "-" "PostmanRuntime/7.29.0"
::1 - - [19/Jun/2022:16:05:18 +0000] "GET /api/meetups/wqeq HTTP/1.1" 404 88 "-" "PostmanRuntime/7.29.0"
::1 - - [19/Jun/2022:16:06:00 +0000] "GET /api/meetups/wqeq HTTP/1.1" 400 88 "-" "PostmanRuntime/7.29.0"
::1 - - [19/Jun/2022:16:06:05 +0000] "GET /api/meetups/1234 HTTP/1.1" 400 43 "-" "PostmanRuntime/7.29.0"
::1 - - [19/Jun/2022:16:06:25 +0000] "GET /api/meetups/1234 HTTP/1.1" 400 43 "-" "PostmanRuntime/7.29.0"
::1 - - [19/Jun/2022:16:10:41 +0000] "POST /api/users/registration HTTP/1.1" 404 52 "-" "PostmanRuntime/7.29.0"
::1 - - [19/Jun/2022:16:14:40 +0000] "POST /api/users/registration HTTP/1.1" 404 2 "-" "PostmanRuntime/7.29.0"
::1 - - [19/Jun/2022:16:15:24 +0000] "POST /api/users/registration HTTP/1.1" 404 63 "-" "PostmanRuntime/7.29.0"
::1 - - [19/Jun/2022:16:16:16 +0000] "POST /api/users/registration HTTP/1.1" 404 63 "-" "PostmanRuntime/7.29.0"
::1 - - [19/Jun/2022:16:16:21 +0000] "POST /api/users/registration HTTP/1.1" 400 2 "-" "PostmanRuntime/7.29.0"
::1 - - [19/Jun/2022:16:16:50 +0000] "POST /api/users/registration HTTP/1.1" 400 29 "-" "PostmanRuntime/7.29.0"
::1 - - [25/Jun/2022:11:15:47 +0000] "GET /api/meetups?sort=1&page=1 HTTP/1.1" 200 1104 "-" "PostmanRuntime/7.29.0"
::1 - - [25/Jun/2022:11:15:57 +0000] "GET /api/meetups?sort=asdasd&page=1 HTTP/1.1" 400 40 "-" "PostmanRuntime/7.29.0"
::1 - - [25/Jun/2022:11:27:35 +0000] "GET /api/meetups?title=met2&page=1 HTTP/1.1" 200 2 "-" "PostmanRuntime/7.29.0"
::1 - - [25/Jun/2022:11:27:50 +0000] "GET /api/meetups?title=mettt&page=1 HTTP/1.1" 200 2 "-" "PostmanRuntime/7.29.0"
::1 - - [25/Jun/2022:11:32:52 +0000] "GET /api/meetups?title=mettt&page=1 HTTP/1.1" 200 2 "-" "PostmanRuntime/7.29.0"
::1 - - [25/Jun/2022:11:33:28 +0000] "GET /api/meetups?title=mettt&page=1 HTTP/1.1" 200 2 "-" "PostmanRuntime/7.29.0"
::1 - - [25/Jun/2022:11:34:52 +0000] "GET /api/meetups?title=mettt&page=1 HTTP/1.1" 200 2 "-" "PostmanRuntime/7.29.0"
::1 - - [25/Jun/2022:11:35:42 +0000] "GET /api/meetups?title=mettt&page=1 HTTP/1.1" 200 2 "-" "PostmanRuntime/7.29.0"
::1 - - [25/Jun/2022:11:36:26 +0000] "GET /api/meetups?title=mettt&page=1 HTTP/1.1" 200 2 "-" "PostmanRuntime/7.29.0"
::1 - - [25/Jun/2022:11:37:02 +0000] "GET /api/meetups?title=mettt&page=1 HTTP/1.1" 200 2 "-" "PostmanRuntime/7.29.0"
::1 - - [25/Jun/2022:11:37:26 +0000] "GET /api/meetups?title=mettt&page=1 HTTP/1.1" 200 2 "-" "PostmanRuntime/7.29.0"
::1 - - [25/Jun/2022:11:40:12 +0000] "GET /api/meetups?title=mettt&page=1 HTTP/1.1" 404 35 "-" "PostmanRuntime/7.29.0"
::1 - - [25/Jun/2022:11:41:18 +0000] "GET /api/meetups?page=1 HTTP/1.1" 404 35 "-" "PostmanRuntime/7.29.0"
::1 - - [25/Jun/2022:11:41:36 +0000] "GET /api/meetups?limit=5&page=1 HTTP/1.1" 404 35 "-" "PostmanRuntime/7.29.0"
::1 - - [25/Jun/2022:11:41:44 +0000] "GET /api/meetups HTTP/1.1" 404 35 "-" "PostmanRuntime/7.29.0"
::1 - - [25/Jun/2022:11:41:56 +0000] "GET /api/meetups HTTP/1.1" 404 35 "-" "PostmanRuntime/7.29.0"
::1 - - [25/Jun/2022:11:42:29 +0000] "GET /api/meetups HTTP/1.1" 404 35 "-" "PostmanRuntime/7.29.0"
::1 - - [25/Jun/2022:11:42:52 +0000] "GET /api/meetups HTTP/1.1" 404 35 "-" "PostmanRuntime/7.29.0"
::1 - - [25/Jun/2022:11:43:15 +0000] "GET /api/meetups HTTP/1.1" 200 1061 "-" "PostmanRuntime/7.29.0"
::1 - - [25/Jun/2022:11:43:21 +0000] "GET /api/meetups?title=mettt&page=1 HTTP/1.1" 200 2 "-" "PostmanRuntime/7.29.0"
::1 - - [25/Jun/2022:11:43:58 +0000] "GET /api/meetups?title=mettt&page=1 HTTP/1.1" 200 2 "-" "PostmanRuntime/7.29.0"
::1 - - [25/Jun/2022:11:44:22 +0000] "GET /api/meetups?title=mettt&page=1 HTTP/1.1" 404 31 "-" "PostmanRuntime/7.29.0"
::1 - - [25/Jun/2022:11:44:28 +0000] "GET /api/meetups?userId=17 HTTP/1.1" 200 1079 "-" "PostmanRuntime/7.29.0"
::1 - - [25/Jun/2022:11:46:55 +0000] "GET /api/meetups?title=mettt HTTP/1.1" 404 31 "-" "PostmanRuntime/7.29.0"
::1 - - [25/Jun/2022:11:50:18 +0000] "GET /api/meetups?title=mettt HTTP/1.1" 404 31 "-" "PostmanRuntime/7.29.0"
::1 - - [25/Jun/2022:11:50:25 +0000] "GET /api/meetups?limit=5&userId=17 HTTP/1.1" 200 1079 "-" "PostmanRuntime/7.29.0"
::1 - - [25/Jun/2022:11:50:30 +0000] "GET /api/meetups?limit=5&sort=asdasd&userId=17 HTTP/1.1" 400 40 "-" "PostmanRuntime/7.29.0"
::1 - - [25/Jun/2022:11:50:35 +0000] "GET /api/meetups?limit=5&sort=1&userId=17 HTTP/1.1" 200 1079 "-" "PostmanRuntime/7.29.0"
::1 - - [25/Jun/2022:11:54:44 +0000] "GET /api/meetups/1234 HTTP/1.1" 400 30 "-" "PostmanRuntime/7.29.0"
::1 - - [25/Jun/2022:11:54:48 +0000] "GET /api/meetups/1asdasd HTTP/1.1" 400 37 "-" "PostmanRuntime/7.29.0"
::1 - - [25/Jun/2022:11:54:55 +0000] "GET /api/meetups/ HTTP/1.1" 200 1061 "-" "PostmanRuntime/7.29.0"
::1 - - [25/Jun/2022:11:55:02 +0000] "GET /api/meetups/sdasdads HTTP/1.1" 400 37 "-" "PostmanRuntime/7.29.0"
::1 - - [25/Jun/2022:11:55:52 +0000] "GET /api/meetups/124124 HTTP/1.1" 400 30 "-" "PostmanRuntime/7.29.0"
::1 - - [25/Jun/2022:11:56:21 +0000] "GET /api/meetups/124124 HTTP/1.1" 404 30 "-" "PostmanRuntime/7.29.0"
::1 - - [25/Jun/2022:11:56:28 +0000] "GET /api/meetups/asdasdasd HTTP/1.1" 400 40 "-" "PostmanRuntime/7.29.0"
::1 - - [25/Jun/2022:11:59:32 +0000] "GET /api/meetups/asdasdasd HTTP/1.1" 400 60 "-" "PostmanRuntime/7.29.0"
::1 - - [25/Jun/2022:11:59:38 +0000] "GET /api/meetups/123124412 HTTP/1.1" 404 29 "-" "PostmanRuntime/7.29.0"
::1 - - [25/Jun/2022:12:00:06 +0000] "GET /api/meetups/123124412 HTTP/1.1" 404 29 "-" "PostmanRuntime/7.29.0"
::1 - - [25/Jun/2022:12:00:24 +0000] "GET /api/meetups/123124412 HTTP/1.1" 404 29 "-" "PostmanRuntime/7.29.0"
::1 - - [25/Jun/2022:12:01:58 +0000] "GET /api/meetups/123124412 HTTP/1.1" 404 30 "-" "PostmanRuntime/7.29.0"
::1 - - [25/Jun/2022:12:02:16 +0000] "GET /api/meetups/123124412 HTTP/1.1" 404 30 "-" "PostmanRuntime/7.29.0"
::1 - - [25/Jun/2022:12:03:58 +0000] "GET /api/meetups/123124412 HTTP/1.1" 404 59 "-" "PostmanRuntime/7.29.0"
::1 - - [25/Jun/2022:12:04:09 +0000] "GET /api/meetups/123124412 HTTP/1.1" 404 59 "-" "PostmanRuntime/7.29.0"
::1 - - [25/Jun/2022:12:31:45 +0000] "GET /api/meetups/123124412 HTTP/1.1" 404 54 "-" "PostmanRuntime/7.29.0"
::1 - - [25/Jun/2022:12:32:25 +0000] "GET /api/meetups/123124412 HTTP/1.1" 404 30 "-" "PostmanRuntime/7.29.0"
::1 - - [25/Jun/2022:12:32:54 +0000] "GET /api/meetups/123124412 HTTP/1.1" 404 30 "-" "PostmanRuntime/7.29.0"
::1 - - [25/Jun/2022:12:32:59 +0000] "GET /api/meetups/awdawd HTTP/1.1" 400 60 "-" "PostmanRuntime/7.29.0"
::1 - - [25/Jun/2022:12:33:02 +0000] "GET /api/meetups/12312312 HTTP/1.1" 404 30 "-" "PostmanRuntime/7.29.0"
::1 - - [25/Jun/2022:12:38:41 +0000] "GET /api/meetups/qweqweqwe HTTP/1.1" 400 60 "-" "PostmanRuntime/7.29.0"
::1 - - [25/Jun/2022:12:38:47 +0000] "GET /api/meetups/1241241 HTTP/1.1" 404 30 "-" "PostmanRuntime/7.29.0"
::1 - - [25/Jun/2022:13:23:29 +0000] "POST /api/users/registration HTTP/1.1" 400 29 "-" "PostmanRuntime/7.29.0"
::1 - - [25/Jun/2022:13:23:32 +0000] "POST /api/users/registration HTTP/1.1" 200 227 "-" "PostmanRuntime/7.29.0"
::1 - - [25/Jun/2022:13:23:53 +0000] "POST /api/meetups HTTP/1.1" 401 39 "-" "PostmanRuntime/7.29.0"
::1 - - [25/Jun/2022:13:23:58 +0000] "POST /api/meetups HTTP/1.1" 201 186 "-" "PostmanRuntime/7.29.0"
::1 - - [25/Jun/2022:13:25:47 +0000] "GET /api/meetups/asdasdasd HTTP/1.1" 400 60 "-" "PostmanRuntime/7.29.0"
::1 - - [25/Jun/2022:13:26:38 +0000] "DELETE /api/meetups/asdasdasd HTTP/1.1" 400 40 "-" "PostmanRuntime/7.29.0"
::1 - - [25/Jun/2022:13:26:41 +0000] "DELETE /api/meetups/124124124 HTTP/1.1" 400 18 "-" "PostmanRuntime/7.29.0"
::1 - - [25/Jun/2022:13:26:58 +0000] "DELETE /api/meetups/124124124 HTTP/1.1" 400 30 "-" "PostmanRuntime/7.29.0"
::1 - - [25/Jun/2022:13:27:09 +0000] "DELETE /api/meetups/37 HTTP/1.1" 200 11 "-" "PostmanRuntime/7.29.0"
::1 - - [25/Jun/2022:13:27:27 +0000] "DELETE /api/meetups/37 HTTP/1.1" 400 30 "-" "PostmanRuntime/7.29.0"
::1 - - [25/Jun/2022:13:27:31 +0000] "DELETE /api/meetups/36 HTTP/1.1" 200 11 "-" "PostmanRuntime/7.29.0"
::1 - - [25/Jun/2022:13:27:33 +0000] "DELETE /api/meetups/36 HTTP/1.1" 400 30 "-" "PostmanRuntime/7.29.0"
